0 info it worked if it ends with ok
1 verbose cli [ 'node', '/usr/local/bin/npm', 'install', '-g', 'gulp' ]
2 info using npm@2.5.1
3 info using node@v0.12.0
4 silly cache add args [ 'gulp', null ]
5 verbose cache add spec gulp
6 silly cache add parsed spec { raw: 'gulp',
6 silly cache add   scope: null,
6 silly cache add   name: 'gulp',
6 silly cache add   rawSpec: '',
6 silly cache add   spec: '*',
6 silly cache add   type: 'range' }
7 verbose addNamed gulp@*
8 silly addNamed semver.valid null
9 silly addNamed semver.validRange *
10 silly addNameRange { name: 'gulp', range: '*', hasData: false }
11 silly mapToRegistry name gulp
12 silly mapToRegistry using default registry
13 silly mapToRegistry registry https://registry.npmjs.org/
14 silly mapToRegistry uri https://registry.npmjs.org/gulp
15 verbose addNameRange registry:https://registry.npmjs.org/gulp not in flight; fetching
16 verbose request uri https://registry.npmjs.org/gulp
17 verbose request no auth needed
18 info attempt registry request try #1 at 4:26:45 PM
19 verbose request id 83ff39c5405e2767
20 http request GET https://registry.npmjs.org/gulp
21 http 200 https://registry.npmjs.org/gulp
22 silly get cb [ 200,
22 silly get   { server: 'CouchDB/1.5.0 (Erlang OTP/R16B03)',
22 silly get     etag: '"D9T4S5JQEQCOI3Z6DBQUVXV7C"',
22 silly get     'content-type': 'application/json',
22 silly get     'cache-control': 'max-age=60',
22 silly get     'content-length': '101271',
22 silly get     'accept-ranges': 'bytes',
22 silly get     date: 'Sun, 03 May 2015 22:26:45 GMT',
22 silly get     via: '1.1 varnish',
22 silly get     age: '44',
22 silly get     connection: 'keep-alive',
22 silly get     'x-served-by': 'cache-sjc3129-SJC',
22 silly get     'x-cache': 'HIT',
22 silly get     'x-cache-hits': '1',
22 silly get     'x-timer': 'S1430692005.773997,VS0,VE0',
22 silly get     vary: 'Accept' } ]
23 verbose get saving gulp to /Users/awoodrow/.npm/registry.npmjs.org/gulp/.cache.json
24 silly addNameRange number 2 { name: 'gulp', range: '*', hasData: true }
25 silly addNameRange versions [ 'gulp',
25 silly addNameRange   [ '0.0.1',
25 silly addNameRange     '0.0.2',
25 silly addNameRange     '0.0.3',
25 silly addNameRange     '0.0.4',
25 silly addNameRange     '0.0.5',
25 silly addNameRange     '0.0.7',
25 silly addNameRange     '0.0.8',
25 silly addNameRange     '0.0.9',
25 silly addNameRange     '0.1.0',
25 silly addNameRange     '0.2.0',
25 silly addNameRange     '1.0.0',
25 silly addNameRange     '1.1.0',
25 silly addNameRange     '1.2.0',
25 silly addNameRange     '1.2.1',
25 silly addNameRange     '2.0.0',
25 silly addNameRange     '2.0.1',
25 silly addNameRange     '2.1.0',
25 silly addNameRange     '2.2.0',
25 silly addNameRange     '2.3.0',
25 silly addNameRange     '2.4.0',
25 silly addNameRange     '2.4.1',
25 silly addNameRange     '2.6.0',
25 silly addNameRange     '2.6.1',
25 silly addNameRange     '2.7.0',
25 silly addNameRange     '3.0.0',
25 silly addNameRange     '3.1.1',
25 silly addNameRange     '3.1.2',
25 silly addNameRange     '3.1.3',
25 silly addNameRange     '3.1.4',
25 silly addNameRange     '3.2.0',
25 silly addNameRange     '3.2.1',
25 silly addNameRange     '3.2.2',
25 silly addNameRange     '3.2.3',
25 silly addNameRange     '3.2.4',
25 silly addNameRange     '3.2.5',
25 silly addNameRange     '3.3.0',
25 silly addNameRange     '3.3.1',
25 silly addNameRange     '3.3.2',
25 silly addNameRange     '3.3.4',
25 silly addNameRange     '3.4.0',
25 silly addNameRange     '3.5.0',
25 silly addNameRange     '3.5.1',
25 silly addNameRange     '3.5.2',
25 silly addNameRange     '3.5.5',
25 silly addNameRange     '3.5.6',
25 silly addNameRange     '3.6.0',
25 silly addNameRange     '3.6.1',
25 silly addNameRange     '3.6.2',
25 silly addNameRange     '3.7.0',
25 silly addNameRange     '3.8.0',
25 silly addNameRange     '3.8.1',
25 silly addNameRange     '3.8.2',
25 silly addNameRange     '3.8.3',
25 silly addNameRange     '3.8.4',
25 silly addNameRange     '3.8.5',
25 silly addNameRange     '3.8.6',
25 silly addNameRange     '3.8.7',
25 silly addNameRange     '3.8.8',
25 silly addNameRange     '3.8.9',
25 silly addNameRange     '3.8.10',
25 silly addNameRange     '3.8.11' ] ]
26 verbose addNamed gulp@3.8.11
27 silly addNamed semver.valid 3.8.11
28 silly addNamed semver.validRange 3.8.11
29 silly mapToRegistry name gulp
30 silly mapToRegistry using default registry
31 silly mapToRegistry registry https://registry.npmjs.org/
32 silly mapToRegistry uri https://registry.npmjs.org/gulp
33 verbose addRemoteTarball https://registry.npmjs.org/gulp/-/gulp-3.8.11.tgz not in flight; adding
34 verbose addRemoteTarball [ 'https://registry.npmjs.org/gulp/-/gulp-3.8.11.tgz',
34 verbose addRemoteTarball   'd557e0a7283eb4136491969b0497767972f1d28a' ]
35 info retry fetch attempt 1 at 4:26:46 PM
36 info attempt registry request try #1 at 4:26:46 PM
37 http fetch GET https://registry.npmjs.org/gulp/-/gulp-3.8.11.tgz
38 http fetch 200 https://registry.npmjs.org/gulp/-/gulp-3.8.11.tgz
39 silly fetchAndShaCheck shasum d557e0a7283eb4136491969b0497767972f1d28a
40 verbose addTmpTarball /var/folders/yd/rsggxm7n765514_48jt9w26m0000gn/T/npm-9696-276958a0/registry.npmjs.org/gulp/-/gulp-3.8.11.tgz not in flight; adding
41 verbose addTmpTarball already have metadata; skipping unpack for gulp@3.8.11
42 silly cache afterAdd gulp@3.8.11
43 verbose afterAdd /Users/awoodrow/.npm/gulp/3.8.11/package/package.json not in flight; writing
44 verbose afterAdd /Users/awoodrow/.npm/gulp/3.8.11/package/package.json written
45 silly install resolved [ { name: 'gulp',
45 silly install resolved     description: 'The streaming build system',
45 silly install resolved     version: '3.8.11',
45 silly install resolved     homepage: 'http://gulpjs.com',
45 silly install resolved     repository: { type: 'git', url: 'https://github.com/gulpjs/gulp' },
45 silly install resolved     author:
45 silly install resolved      { name: 'Fractal',
45 silly install resolved        email: 'contact@wearefractal.com',
45 silly install resolved        url: 'http://wearefractal.com/' },
45 silly install resolved     tags: [ 'build', 'stream', 'system', 'make', 'tool', 'asset', 'pipeline' ],
45 silly install resolved     files: [ 'index.js', 'lib', 'bin', 'completion' ],
45 silly install resolved     bin: { gulp: './bin/gulp.js' },
45 silly install resolved     man: [ 'gulp.1' ],
45 silly install resolved     dependencies:
45 silly install resolved      { archy: '^1.0.0',
45 silly install resolved        chalk: '^0.5.0',
45 silly install resolved        deprecated: '^0.0.1',
45 silly install resolved        'gulp-util': '^3.0.0',
45 silly install resolved        interpret: '^0.3.2',
45 silly install resolved        liftoff: '^2.0.1',
45 silly install resolved        minimist: '^1.1.0',
45 silly install resolved        orchestrator: '^0.3.0',
45 silly install resolved        'pretty-hrtime': '^0.2.0',
45 silly install resolved        semver: '^4.1.0',
45 silly install resolved        tildify: '^1.0.0',
45 silly install resolved        v8flags: '^2.0.2',
45 silly install resolved        'vinyl-fs': '^0.3.0' },
45 silly install resolved     devDependencies:
45 silly install resolved      { coveralls: '^2.7.0',
45 silly install resolved        'graceful-fs': '^3.0.0',
45 silly install resolved        istanbul: '^0.3.0',
45 silly install resolved        jshint: '^2.5.0',
45 silly install resolved        'jshint-stylish': '^1.0.0',
45 silly install resolved        'marked-man': '^0.1.3',
45 silly install resolved        mkdirp: '^0.5.0',
45 silly install resolved        mocha: '^2.0.1',
45 silly install resolved        'mocha-lcov-reporter': '^0.0.1',
45 silly install resolved        q: '^1.0.0',
45 silly install resolved        rimraf: '^2.2.5',
45 silly install resolved        should: '^4.0.0' },
45 silly install resolved     scripts:
45 silly install resolved      { prepublish: 'marked-man --name gulp docs/CLI.md > gulp.1',
45 silly install resolved        lint: 'jshint lib bin index.js --reporter node_modules/jshint-stylish/stylish.js --exclude node_modules',
45 silly install resolved        test: 'npm run-script lint && mocha --reporter spec',
45 silly install resolved        coveralls: 'istanbul cover _mocha --report lcovonly -- -R spec && cat ./coverage/lcov.info | coveralls && rm -rf ./coverage' },
45 silly install resolved     engineStrict: true,
45 silly install resolved     engines: { node: '>= 0.9' },
45 silly install resolved     licenses: [ [Object] ],
45 silly install resolved     gitHead: '84df40b0faabc2b61d576154fd1145e2146377ca',
45 silly install resolved     bugs: { url: 'https://github.com/gulpjs/gulp/issues' },
45 silly install resolved     _id: 'gulp@3.8.11',
45 silly install resolved     _shasum: 'd557e0a7283eb4136491969b0497767972f1d28a',
45 silly install resolved     _from: 'gulp@*',
45 silly install resolved     _npmVersion: '2.5.1',
45 silly install resolved     _nodeVersion: '0.12.0',
45 silly install resolved     _npmUser: { name: 'phated', email: 'blaine@iceddev.com' },
45 silly install resolved     maintainers: [ [Object], [Object] ],
45 silly install resolved     dist:
45 silly install resolved      { shasum: 'd557e0a7283eb4136491969b0497767972f1d28a',
45 silly install resolved        tarball: 'http://registry.npmjs.org/gulp/-/gulp-3.8.11.tgz' },
45 silly install resolved     directories: {},
45 silly install resolved     _resolved: 'https://registry.npmjs.org/gulp/-/gulp-3.8.11.tgz' } ]
46 info install gulp@3.8.11 into /usr/local/lib
47 info installOne gulp@3.8.11
48 verbose installOne of gulp to /usr/local/lib not in flight; installing
49 verbose lock using /Users/awoodrow/.npm/_locks/gulp-709d00e5d169ceb3.lock for /usr/local/lib/node_modules/gulp
50 silly install write writing gulp 3.8.11 to /usr/local/lib/node_modules/gulp
51 silly cache addNamed cb gulp@3.8.11
52 verbose unbuild lib/node_modules/gulp
53 verbose gentlyRm vacuuming /usr/local/lib/node_modules/gulp
54 verbose tar unpack /Users/awoodrow/.npm/gulp/3.8.11/package.tgz
55 verbose tar unpacking to /usr/local/lib/node_modules/gulp
56 verbose gentlyRm vacuuming /usr/local/lib/node_modules/gulp
57 silly gunzTarPerm modes [ '755', '644' ]
58 error tar.unpack untar error /Users/awoodrow/.npm/gulp/3.8.11/package.tgz
59 verbose unlock done using /Users/awoodrow/.npm/_locks/gulp-709d00e5d169ceb3.lock for /usr/local/lib/node_modules/gulp
60 verbose fstream_path /usr/local/lib/node_modules/gulp
61 verbose fstream_type Directory
62 verbose fstream_class DirWriter
63 verbose stack Error: EACCES, mkdir '/usr/local/lib/node_modules/gulp'
63 verbose stack     at Error (native)
64 verbose fstream_stack /usr/local/lib/node_modules/npm/node_modules/fstream/lib/dir-writer.js:36:23
64 verbose fstream_stack /usr/local/lib/node_modules/npm/node_modules/mkdirp/index.js:46:53
64 verbose fstream_stack FSReqWrap.oncomplete (fs.js:99:15)
65 verbose cwd /Users/awoodrow/parallax_scr_demo
66 error Darwin 13.4.0
67 error argv "node" "/usr/local/bin/npm" "install" "-g" "gulp"
68 error node v0.12.0
69 error npm  v2.5.1
70 error path /usr/local/lib/node_modules/gulp
71 error code EACCES
72 error errno -13
73 error Error: EACCES, mkdir '/usr/local/lib/node_modules/gulp'
73 error     at Error (native)
73 error  { [Error: EACCES, mkdir '/usr/local/lib/node_modules/gulp']
73 error   errno: -13,
73 error   code: 'EACCES',
73 error   path: '/usr/local/lib/node_modules/gulp',
73 error   fstream_type: 'Directory',
73 error   fstream_path: '/usr/local/lib/node_modules/gulp',
73 error   fstream_class: 'DirWriter',
73 error   fstream_stack:
73 error    [ '/usr/local/lib/node_modules/npm/node_modules/fstream/lib/dir-writer.js:36:23',
73 error      '/usr/local/lib/node_modules/npm/node_modules/mkdirp/index.js:46:53',
73 error      'FSReqWrap.oncomplete (fs.js:99:15)' ] }
74 error Please try running this command again as root/Administrator.
75 verbose exit [ -13, true ]
76 verbose unbuild lib/node_modules/gulp
77 verbose gentlyRm vacuuming /usr/local/lib/node_modules/gulp
